[debug] [2020-02-16T02:54:20.955Z] ----------------------------------------------------------------------
[debug] [2020-02-16T02:54:20.956Z] Command:       /usr/bin/node /usr/bin/firebase deploy --only functions
[debug] [2020-02-16T02:54:20.956Z] CLI Version:   7.12.1
[debug] [2020-02-16T02:54:20.956Z] Platform:      linux
[debug] [2020-02-16T02:54:20.956Z] Node Version:  v13.8.0
[debug] [2020-02-16T02:54:20.956Z] Time:          Sat Feb 15 2020 20:54:20 GMT-0600 (Central Standard Time)
[debug] [2020-02-16T02:54:20.957Z] ----------------------------------------------------------------------
[debug] [2020-02-16T02:54:20.957Z] 
[debug] [2020-02-16T02:54:20.960Z] > command requires scopes: ["email","openid","https://www.googleapis.com/auth/cloudplatformprojects.readonly","https://www.googleapis.com/auth/firebase","https://www.googleapis.com/auth/cloud-platform"]
[debug] [2020-02-16T02:54:20.960Z] > authorizing via signed-in user
[debug] [2020-02-16T02:54:20.961Z] [iam] checking project popper-play for permissions ["cloudfunctions.functions.create","cloudfunctions.functions.delete","cloudfunctions.functions.get","cloudfunctions.functions.list","cloudfunctions.functions.update","cloudfunctions.operations.get","firebase.projects.get"]
[debug] [2020-02-16T02:54:20.961Z] >>> HTTP REQUEST POST https://cloudresourcemanager.googleapis.com/v1/projects/popper-play:testIamPermissions  

[debug] [2020-02-16T02:54:21.246Z] <<< HTTP RESPONSE 200
[info] 
[info] === Deploying to 'popper-play'...
[info] 
[info] i  deploying functions
[info] Running command: npm --prefix "$RESOURCE_DIR" run lint
[info] ✔  functions: Finished running predeploy script.
[debug] [2020-02-16T02:54:23.730Z] > [functions] package.json contents: {
  "name": "functions",
  "description": "Cloud Functions for Firebase",
  "scripts": {
    "lint": "eslint .",
    "serve": "firebase serve --only functions",
    "shell": "firebase functions:shell",
    "start": "npm run shell",
    "deploy": "firebase deploy --only functions",
    "logs": "firebase functions:log"
  },
  "engines": {
    "node": "8"
  },
  "dependencies": {
    "firebase-admin": "^8.6.0",
    "firebase-functions": "^3.3.0"
  },
  "devDependencies": {
    "eslint": "^5.16.0",
    "eslint-plugin-promise": "^4.0.1",
    "firebase-functions-test": "^0.1.6"
  },
  "private": true
}
[info] i  functions: ensuring necessary APIs are enabled...
[debug] [2020-02-16T02:54:23.730Z] >>> HTTP REQUEST GET https://serviceusage.googleapis.com/v1/projects/popper-play/services/cloudfunctions.googleapis.com  
 
[debug] [2020-02-16T02:54:23.731Z] >>> HTTP REQUEST GET https://serviceusage.googleapis.com/v1/projects/popper-play/services/runtimeconfig.googleapis.com  
 
[debug] [2020-02-16T02:54:24.008Z] <<< HTTP RESPONSE 200
[debug] [2020-02-16T02:54:24.088Z] <<< HTTP RESPONSE 200
[info] ✔  functions: all necessary APIs are enabled
[debug] [2020-02-16T02:54:24.089Z] >>> HTTP REQUEST GET https://firebase.googleapis.com/v1beta1/projects/popper-play/adminSdkConfig  
 
[debug] [2020-02-16T02:54:24.316Z] <<< HTTP RESPONSE 200
[info] i  functions: preparing functions directory for uploading...
[debug] [2020-02-16T02:54:24.320Z] >>> HTTP REQUEST GET https://runtimeconfig.googleapis.com/v1beta1/projects/popper-play/configs  
 
[debug] [2020-02-16T02:54:24.849Z] <<< HTTP RESPONSE 200
[info] i  functions: packaged functions (39.95 KB) for uploading
[debug] [2020-02-16T02:54:25.081Z] >>> HTTP REQUEST POST https://cloudfunctions.googleapis.com/v1/projects/popper-play/locations/us-central1/functions:generateUploadUrl  
 
[debug] [2020-02-16T02:54:25.701Z] <<< HTTP RESPONSE 200
[debug] [2020-02-16T02:54:25.703Z] >>> HTTP REQUEST PUT https://storage.googleapis.com/gcf-upload-us-central1-717f6cfa-4649-4e4d-acb5-2422530754df/a509f054-35f6-4650-a7a0-a7bb7b18490a.zip?GoogleAccessId=service-225840058733@gcf-admin-robot.iam.gserviceaccount.com&Expires=1581823465&Signature=v%2FNGHGwYGebqkNlGGaFWUInPX6Z5KjIwZZZ2Wk%2BnFZJbXkLLsnxHheX89UVAWW4Ao31nt7o4%2BPXM4fpZQdxgJ9N1Fhw22oVcG%2F7viojFraIryPL6Rw62EUrCq%2BXfBS%2F0UMdirWIRQpNOfym%2Fla1sHL%2FKeQ0zhT21anD%2BoDJOZbTYrRPtvssf7RRYGYG9BKtITdN%2BKgoD5dxaMa9hv6PLi0ogAL1o2XIsss1HNlFLrFc3Z4E1pJt4pJRVhhbAA%2FTj1cbfFfC1rkb2A9ggivHII7We1A16toSZpGdi0POLA31tpdsxqtqNan31mAGLW3j6rJ2M%2BR9UdeRX8oja2q0lkg%3D%3D  
 <request body omitted>
[debug] [2020-02-16T02:54:26.024Z] <<< HTTP RESPONSE 200
[info] ✔  functions: functions folder uploaded successfully
[debug] [2020-02-16T02:54:26.033Z] >>> HTTP REQUEST GET https://cloudfunctions.googleapis.com/v1/projects/popper-play/locations/-/functions  
 
[debug] [2020-02-16T02:54:26.433Z] <<< HTTP RESPONSE 200
[info] i  functions: updating Node.js 8 function notifyParentOfProblem(us-central1)...
[debug] [2020-02-16T02:54:26.436Z] Trigger is:  {"eventTrigger":{"resource":"projects/popper-play/databases/(default)/documents/problems/{problem}","eventType":"providers/cloud.firestore/eventTypes/document.create","service":"firestore.googleapis.com"}}
[info] i  functions: updating Node.js 8 function notifyParentOfConjecture(us-central1)...
[debug] [2020-02-16T02:54:26.436Z] Trigger is:  {"eventTrigger":{"resource":"projects/popper-play/databases/(default)/documents/conjectures/{conjecture}","eventType":"providers/cloud.firestore/eventTypes/document.create","service":"firestore.googleapis.com"}}
[info] i  functions: updating Node.js 8 function notifyParentOfComment(us-central1)...
[debug] [2020-02-16T02:54:26.436Z] Trigger is:  {"eventTrigger":{"resource":"projects/popper-play/databases/(default)/documents/conjectures/{conjecture}/comments/{comment}","eventType":"providers/cloud.firestore/eventTypes/document.create","service":"firestore.googleapis.com"}}
[info] i  functions: updating Node.js 8 function notifyParentOfComment1(us-central1)...
[debug] [2020-02-16T02:54:26.437Z] Trigger is:  {"eventTrigger":{"resource":"projects/popper-play/databases/(default)/documents/conjectures/{conjecture}/comments/{comment1}/comments/{comment}","eventType":"providers/cloud.firestore/eventTypes/document.create","service":"firestore.googleapis.com"}}
[info] i  functions: updating Node.js 8 function notifyParentOfComment2(us-central1)...
[debug] [2020-02-16T02:54:26.437Z] Trigger is:  {"eventTrigger":{"resource":"projects/popper-play/databases/(default)/documents/conjectures/{conjecture}/comments/{comment2}/comments/{comment1}/comments/{comment}","eventType":"providers/cloud.firestore/eventTypes/document.create","service":"firestore.googleapis.com"}}
[info] i  functions: updating Node.js 8 function notifyParentOfComment3(us-central1)...
[debug] [2020-02-16T02:54:26.437Z] Trigger is:  {"eventTrigger":{"resource":"projects/popper-play/databases/(default)/documents/conjectures/{conjecture}/comments/{comment3}/comments/{comment2}/comments/{comment1}/comments/{comment}","eventType":"providers/cloud.firestore/eventTypes/document.create","service":"firestore.googleapis.com"}}
[info] i  functions: updating Node.js 8 function notifyParentOfComment4(us-central1)...
[debug] [2020-02-16T02:54:26.437Z] Trigger is:  {"eventTrigger":{"resource":"projects/popper-play/databases/(default)/documents/conjectures/{conjecture}/comments/{comment4}/comments/{comment3}/comments/{comment2}/comments/{comment1}/comments/{comment}","eventType":"providers/cloud.firestore/eventTypes/document.create","service":"firestore.googleapis.com"}}
[info] i  functions: updating Node.js 8 function notifyParentOfComment5(us-central1)...
[debug] [2020-02-16T02:54:26.438Z] Trigger is:  {"eventTrigger":{"resource":"projects/popper-play/databases/(default)/documents/conjectures/{conjecture}/comments/{comment5}/comments/{comment4}/comments/{comment3}/comments/{comment2}/comments/{comment1}/comments/{comment}","eventType":"providers/cloud.firestore/eventTypes/document.create","service":"firestore.googleapis.com"}}
[info] i  functions: updating Node.js 8 function notifyParentOfComment6(us-central1)...
[debug] [2020-02-16T02:54:26.438Z] Trigger is:  {"eventTrigger":{"resource":"projects/popper-play/databases/(default)/documents/conjectures/{conjecture}/comments/{comment6}/comments/{comment5}/comments/{comment4}/comments/{comment3}/comments/{comment2}/comments/{comment1}/comments/{comment}","eventType":"providers/cloud.firestore/eventTypes/document.create","service":"firestore.googleapis.com"}}
[info] i  functions: updating Node.js 8 function allnotifications(us-central1)...
[debug] [2020-02-16T02:54:26.438Z] Trigger is:  {"httpsTrigger":{}}
[info] i  functions: updating Node.js 8 function allcommentnotifications(us-central1)...
[debug] [2020-02-16T02:54:26.438Z] Trigger is:  {"httpsTrigger":{}}
[debug] [2020-02-16T02:54:26.439Z] >>> HTTP REQUEST GET https://serviceusage.googleapis.com/v1/projects/popper-play/services/cloudscheduler.googleapis.com  
 
[debug] [2020-02-16T02:54:26.647Z] <<< HTTP RESPONSE 200
[debug] [2020-02-16T02:54:26.650Z] >>> HTTP REQUEST PATCH https://cloudfunctions.googleapis.com/v1/projects/popper-play/locations/us-central1/functions/notifyParentOfProblem {"updateMask":"sourceUploadUrl,name,labels,runtime,eventTrigger.resource,eventTrigger.eventType,eventTrigger.service"} 

[debug] [2020-02-16T02:54:26.651Z] >>> HTTP REQUEST PATCH https://cloudfunctions.googleapis.com/v1/projects/popper-play/locations/us-central1/functions/notifyParentOfConjecture {"updateMask":"sourceUploadUrl,name,labels,runtime,eventTrigger.resource,eventTrigger.eventType,eventTrigger.service"} 

[debug] [2020-02-16T02:54:26.652Z] >>> HTTP REQUEST PATCH https://cloudfunctions.googleapis.com/v1/projects/popper-play/locations/us-central1/functions/notifyParentOfComment {"updateMask":"sourceUploadUrl,name,labels,runtime,eventTrigger.resource,eventTrigger.eventType,eventTrigger.service"} 

[debug] [2020-02-16T02:54:26.652Z] >>> HTTP REQUEST PATCH https://cloudfunctions.googleapis.com/v1/projects/popper-play/locations/us-central1/functions/notifyParentOfComment1 {"updateMask":"sourceUploadUrl,name,labels,runtime,eventTrigger.resource,eventTrigger.eventType,eventTrigger.service"} 

[debug] [2020-02-16T02:54:26.653Z] >>> HTTP REQUEST PATCH https://cloudfunctions.googleapis.com/v1/projects/popper-play/locations/us-central1/functions/notifyParentOfComment2 {"updateMask":"sourceUploadUrl,name,labels,runtime,eventTrigger.resource,eventTrigger.eventType,eventTrigger.service"} 

[debug] [2020-02-16T02:54:26.653Z] >>> HTTP REQUEST PATCH https://cloudfunctions.googleapis.com/v1/projects/popper-play/locations/us-central1/functions/notifyParentOfComment3 {"updateMask":"sourceUploadUrl,name,labels,runtime,eventTrigger.resource,eventTrigger.eventType,eventTrigger.service"} 

[debug] [2020-02-16T02:54:26.653Z] >>> HTTP REQUEST PATCH https://cloudfunctions.googleapis.com/v1/projects/popper-play/locations/us-central1/functions/notifyParentOfComment4 {"updateMask":"sourceUploadUrl,name,labels,runtime,eventTrigger.resource,eventTrigger.eventType,eventTrigger.service"} 

[debug] [2020-02-16T02:54:26.657Z] >>> HTTP REQUEST PATCH https://cloudfunctions.googleapis.com/v1/projects/popper-play/locations/us-central1/functions/notifyParentOfComment5 {"updateMask":"sourceUploadUrl,name,labels,runtime,eventTrigger.resource,eventTrigger.eventType,eventTrigger.service"} 

[debug] [2020-02-16T02:54:26.658Z] >>> HTTP REQUEST PATCH https://cloudfunctions.googleapis.com/v1/projects/popper-play/locations/us-central1/functions/notifyParentOfComment6 {"updateMask":"sourceUploadUrl,name,labels,runtime,eventTrigger.resource,eventTrigger.eventType,eventTrigger.service"} 

[debug] [2020-02-16T02:54:26.658Z] >>> HTTP REQUEST PATCH https://cloudfunctions.googleapis.com/v1/projects/popper-play/locations/us-central1/functions/allnotifications {"updateMask":"sourceUploadUrl,name,labels,runtime,httpsTrigger"} 

[debug] [2020-02-16T02:54:26.658Z] >>> HTTP REQUEST PATCH https://cloudfunctions.googleapis.com/v1/projects/popper-play/locations/us-central1/functions/allcommentnotifications {"updateMask":"sourceUploadUrl,name,labels,runtime,httpsTrigger"} 

[debug] [2020-02-16T02:54:27.162Z] <<< HTTP RESPONSE 200
[debug] [2020-02-16T02:54:27.169Z] <<< HTTP RESPONSE 200
[debug] [2020-02-16T02:54:27.172Z] <<< HTTP RESPONSE 200
[debug] [2020-02-16T02:54:27.174Z] <<< HTTP RESPONSE 200
[debug] [2020-02-16T02:54:27.176Z] <<< HTTP RESPONSE 200
[debug] [2020-02-16T02:54:27.178Z] <<< HTTP RESPONSE 200
[debug] [2020-02-16T02:54:27.179Z] <<< HTTP RESPONSE 200
[debug] [2020-02-16T02:54:27.180Z] <<< HTTP RESPONSE 200
[debug] [2020-02-16T02:54:27.181Z] <<< HTTP RESPONSE 200
[debug] [2020-02-16T02:54:27.200Z] <<< HTTP RESPONSE 200
[debug] [2020-02-16T02:54:27.201Z] <<< HTTP RESPONSE 200
[debug] [2020-02-16T02:54:27.202Z] >>> HTTP REQUEST GET https://cloudfunctions.googleapis.com/v1/projects/popper-play/locations/-/functions  
 
[debug] [2020-02-16T02:54:27.621Z] <<< HTTP RESPONSE 200
[debug] [2020-02-16T02:54:27.625Z] >>> HTTP REQUEST GET https://cloudfunctions.googleapis.com/v1/operations/cG9wcGVyLXBsYXkvdXMtY2VudHJhbDEvbm90aWZ5UGFyZW50T2ZQcm9ibGVtL1V3RW1wcElRZFow  
 
[debug] [2020-02-16T02:54:27.625Z] >>> HTTP REQUEST GET https://cloudfunctions.googleapis.com/v1/operations/cG9wcGVyLXBsYXkvdXMtY2VudHJhbDEvbm90aWZ5UGFyZW50T2ZDb25qZWN0dXJlL2VfNElPRVV2WDVF  
 
[debug] [2020-02-16T02:54:27.625Z] >>> HTTP REQUEST GET https://cloudfunctions.googleapis.com/v1/operations/cG9wcGVyLXBsYXkvdXMtY2VudHJhbDEvbm90aWZ5UGFyZW50T2ZDb21tZW50L2M2VElHYU1FbC1V  
 
[debug] [2020-02-16T02:54:27.625Z] >>> HTTP REQUEST GET https://cloudfunctions.googleapis.com/v1/operations/cG9wcGVyLXBsYXkvdXMtY2VudHJhbDEvbm90aWZ5UGFyZW50T2ZDb21tZW50MS9UMHFLY2xfS1hYUQ  
 
[debug] [2020-02-16T02:54:27.626Z] >>> HTTP REQUEST GET https://cloudfunctions.googleapis.com/v1/operations/cG9wcGVyLXBsYXkvdXMtY2VudHJhbDEvbm90aWZ5UGFyZW50T2ZDb21tZW50Mi9RMHNMbkFpMTFsMA  
 
[debug] [2020-02-16T02:54:27.626Z] >>> HTTP REQUEST GET https://cloudfunctions.googleapis.com/v1/operations/cG9wcGVyLXBsYXkvdXMtY2VudHJhbDEvbm90aWZ5UGFyZW50T2ZDb21tZW50My9VX29BUnVUeUtXVQ  
 
[debug] [2020-02-16T02:54:27.626Z] >>> HTTP REQUEST GET https://cloudfunctions.googleapis.com/v1/operations/cG9wcGVyLXBsYXkvdXMtY2VudHJhbDEvbm90aWZ5UGFyZW50T2ZDb21tZW50NC8yMXo2WFc0eUYtTQ  
 
[debug] [2020-02-16T02:54:27.626Z] >>> HTTP REQUEST GET https://cloudfunctions.googleapis.com/v1/operations/cG9wcGVyLXBsYXkvdXMtY2VudHJhbDEvbm90aWZ5UGFyZW50T2ZDb21tZW50NS9VOWNoc293MGRLdw  
 
[debug] [2020-02-16T02:54:27.626Z] >>> HTTP REQUEST GET https://cloudfunctions.googleapis.com/v1/operations/cG9wcGVyLXBsYXkvdXMtY2VudHJhbDEvbm90aWZ5UGFyZW50T2ZDb21tZW50Ni9qcE1EUVh6Z2RQVQ  
 
[debug] [2020-02-16T02:54:27.626Z] >>> HTTP REQUEST GET https://cloudfunctions.googleapis.com/v1/operations/cG9wcGVyLXBsYXkvdXMtY2VudHJhbDEvYWxsbm90aWZpY2F0aW9ucy9xal81aWktYjJiMA  
 
[debug] [2020-02-16T02:54:27.626Z] >>> HTTP REQUEST GET https://cloudfunctions.googleapis.com/v1/operations/cG9wcGVyLXBsYXkvdXMtY2VudHJhbDEvYWxsY29tbWVudG5vdGlmaWNhdGlvbnMvclhsUEljOWlhVXc  
 
[debug] [2020-02-16T02:54:27.819Z] <<< HTTP RESPONSE 200
[debug] [2020-02-16T02:54:27.838Z] <<< HTTP RESPONSE 200
[debug] [2020-02-16T02:54:27.840Z] <<< HTTP RESPONSE 200
[debug] [2020-02-16T02:54:27.841Z] <<< HTTP RESPONSE 200
[debug] [2020-02-16T02:54:27.842Z] <<< HTTP RESPONSE 200
[debug] [2020-02-16T02:54:27.842Z] <<< HTTP RESPONSE 200
[debug] [2020-02-16T02:54:27.843Z] <<< HTTP RESPONSE 200
[debug] [2020-02-16T02:54:27.844Z] <<< HTTP RESPONSE 200
[debug] [2020-02-16T02:54:27.845Z] <<< HTTP RESPONSE 200
[debug] [2020-02-16T02:54:27.850Z] <<< HTTP RESPONSE 200
[debug] [2020-02-16T02:54:27.854Z] <<< HTTP RESPONSE 200
[debug] [2020-02-16T02:54:29.822Z] >>> HTTP REQUEST GET https://cloudfunctions.googleapis.com/v1/operations/cG9wcGVyLXBsYXkvdXMtY2VudHJhbDEvbm90aWZ5UGFyZW50T2ZQcm9ibGVtL1V3RW1wcElRZFow  
 
[debug] [2020-02-16T02:54:29.841Z] >>> HTTP REQUEST GET https://cloudfunctions.googleapis.com/v1/operations/cG9wcGVyLXBsYXkvdXMtY2VudHJhbDEvbm90aWZ5UGFyZW50T2ZDb21tZW50My9VX29BUnVUeUtXVQ  
 
[debug] [2020-02-16T02:54:29.847Z] >>> HTTP REQUEST GET https://cloudfunctions.googleapis.com/v1/operations/cG9wcGVyLXBsYXkvdXMtY2VudHJhbDEvbm90aWZ5UGFyZW50T2ZDb21tZW50Ni9qcE1EUVh6Z2RQVQ  
 
[debug] [2020-02-16T02:54:29.848Z] >>> HTTP REQUEST GET https://cloudfunctions.googleapis.com/v1/operations/cG9wcGVyLXBsYXkvdXMtY2VudHJhbDEvbm90aWZ5UGFyZW50T2ZDb21tZW50MS9UMHFLY2xfS1hYUQ  
 
[debug] [2020-02-16T02:54:29.850Z] >>> HTTP REQUEST GET https://cloudfunctions.googleapis.com/v1/operations/cG9wcGVyLXBsYXkvdXMtY2VudHJhbDEvbm90aWZ5UGFyZW50T2ZDb21tZW50Mi9RMHNMbkFpMTFsMA  
 
[debug] [2020-02-16T02:54:29.852Z] >>> HTTP REQUEST GET https://cloudfunctions.googleapis.com/v1/operations/cG9wcGVyLXBsYXkvdXMtY2VudHJhbDEvbm90aWZ5UGFyZW50T2ZDb25qZWN0dXJlL2VfNElPRVV2WDVF  
 
[debug] [2020-02-16T02:54:29.855Z] >>> HTTP REQUEST GET https://cloudfunctions.googleapis.com/v1/operations/cG9wcGVyLXBsYXkvdXMtY2VudHJhbDEvbm90aWZ5UGFyZW50T2ZDb21tZW50L2M2VElHYU1FbC1V  
 
[debug] [2020-02-16T02:54:29.856Z] >>> HTTP REQUEST GET https://cloudfunctions.googleapis.com/v1/operations/cG9wcGVyLXBsYXkvdXMtY2VudHJhbDEvbm90aWZ5UGFyZW50T2ZDb21tZW50NC8yMXo2WFc0eUYtTQ  
 
[debug] [2020-02-16T02:54:29.857Z] >>> HTTP REQUEST GET https://cloudfunctions.googleapis.com/v1/operations/cG9wcGVyLXBsYXkvdXMtY2VudHJhbDEvYWxsY29tbWVudG5vdGlmaWNhdGlvbnMvclhsUEljOWlhVXc  
 
[debug] [2020-02-16T02:54:29.869Z] >>> HTTP REQUEST GET https://cloudfunctions.googleapis.com/v1/operations/cG9wcGVyLXBsYXkvdXMtY2VudHJhbDEvbm90aWZ5UGFyZW50T2ZDb21tZW50NS9VOWNoc293MGRLdw  
 
[debug] [2020-02-16T02:54:29.869Z] >>> HTTP REQUEST GET https://cloudfunctions.googleapis.com/v1/operations/cG9wcGVyLXBsYXkvdXMtY2VudHJhbDEvYWxsbm90aWZpY2F0aW9ucy9xal81aWktYjJiMA  
 
[debug] [2020-02-16T02:54:30.003Z] <<< HTTP RESPONSE 200
[debug] [2020-02-16T02:54:30.040Z] <<< HTTP RESPONSE 200
[debug] [2020-02-16T02:54:30.042Z] <<< HTTP RESPONSE 200
[debug] [2020-02-16T02:54:30.048Z] <<< HTTP RESPONSE 200
[debug] [2020-02-16T02:54:30.060Z] <<< HTTP RESPONSE 200
[debug] [2020-02-16T02:54:30.063Z] <<< HTTP RESPONSE 200
[debug] [2020-02-16T02:54:30.064Z] <<< HTTP RESPONSE 200
[debug] [2020-02-16T02:54:30.064Z] <<< HTTP RESPONSE 200
[debug] [2020-02-16T02:54:30.065Z] <<< HTTP RESPONSE 200
[debug] [2020-02-16T02:54:30.066Z] <<< HTTP RESPONSE 200
[debug] [2020-02-16T02:54:30.088Z] <<< HTTP RESPONSE 200
[debug] [2020-02-16T02:54:32.007Z] >>> HTTP REQUEST GET https://cloudfunctions.googleapis.com/v1/operations/cG9wcGVyLXBsYXkvdXMtY2VudHJhbDEvbm90aWZ5UGFyZW50T2ZDb21tZW50L2M2VElHYU1FbC1V  
 
[debug] [2020-02-16T02:54:32.042Z] >>> HTTP REQUEST GET https://cloudfunctions.googleapis.com/v1/operations/cG9wcGVyLXBsYXkvdXMtY2VudHJhbDEvbm90aWZ5UGFyZW50T2ZDb21tZW50My9VX29BUnVUeUtXVQ  
 
[debug] [2020-02-16T02:54:32.043Z] >>> HTTP REQUEST GET https://cloudfunctions.googleapis.com/v1/operations/cG9wcGVyLXBsYXkvdXMtY2VudHJhbDEvbm90aWZ5UGFyZW50T2ZQcm9ibGVtL1V3RW1wcElRZFow  
 
[debug] [2020-02-16T02:54:32.051Z] >>> HTTP REQUEST GET https://cloudfunctions.googleapis.com/v1/operations/cG9wcGVyLXBsYXkvdXMtY2VudHJhbDEvbm90aWZ5UGFyZW50T2ZDb21tZW50Ni9qcE1EUVh6Z2RQVQ  
 
[debug] [2020-02-16T02:54:32.062Z] >>> HTTP REQUEST GET https://cloudfunctions.googleapis.com/v1/operations/cG9wcGVyLXBsYXkvdXMtY2VudHJhbDEvbm90aWZ5UGFyZW50T2ZDb21tZW50NS9VOWNoc293MGRLdw  
 
[debug] [2020-02-16T02:54:32.065Z] >>> HTTP REQUEST GET https://cloudfunctions.googleapis.com/v1/operations/cG9wcGVyLXBsYXkvdXMtY2VudHJhbDEvYWxsbm90aWZpY2F0aW9ucy9xal81aWktYjJiMA  
 
[debug] [2020-02-16T02:54:32.066Z] >>> HTTP REQUEST GET https://cloudfunctions.googleapis.com/v1/operations/cG9wcGVyLXBsYXkvdXMtY2VudHJhbDEvYWxsY29tbWVudG5vdGlmaWNhdGlvbnMvclhsUEljOWlhVXc  
 
[debug] [2020-02-16T02:54:32.066Z] >>> HTTP REQUEST GET https://cloudfunctions.googleapis.com/v1/operations/cG9wcGVyLXBsYXkvdXMtY2VudHJhbDEvbm90aWZ5UGFyZW50T2ZDb21tZW50MS9UMHFLY2xfS1hYUQ  
 
[debug] [2020-02-16T02:54:32.068Z] >>> HTTP REQUEST GET https://cloudfunctions.googleapis.com/v1/operations/cG9wcGVyLXBsYXkvdXMtY2VudHJhbDEvbm90aWZ5UGFyZW50T2ZDb21tZW50Mi9RMHNMbkFpMTFsMA  
 
[debug] [2020-02-16T02:54:32.069Z] >>> HTTP REQUEST GET https://cloudfunctions.googleapis.com/v1/operations/cG9wcGVyLXBsYXkvdXMtY2VudHJhbDEvbm90aWZ5UGFyZW50T2ZDb25qZWN0dXJlL2VfNElPRVV2WDVF  
 
[debug] [2020-02-16T02:54:32.089Z] >>> HTTP REQUEST GET https://cloudfunctions.googleapis.com/v1/operations/cG9wcGVyLXBsYXkvdXMtY2VudHJhbDEvbm90aWZ5UGFyZW50T2ZDb21tZW50NC8yMXo2WFc0eUYtTQ  
 
[debug] [2020-02-16T02:54:32.205Z] <<< HTTP RESPONSE 200
[debug] [2020-02-16T02:54:32.251Z] <<< HTTP RESPONSE 200
[debug] [2020-02-16T02:54:32.254Z] <<< HTTP RESPONSE 200
[debug] [2020-02-16T02:54:32.254Z] <<< HTTP RESPONSE 200
[debug] [2020-02-16T02:54:32.255Z] <<< HTTP RESPONSE 200
[debug] [2020-02-16T02:54:32.256Z] <<< HTTP RESPONSE 200
[debug] [2020-02-16T02:54:32.256Z] <<< HTTP RESPONSE 200
[debug] [2020-02-16T02:54:32.257Z] <<< HTTP RESPONSE 200
[debug] [2020-02-16T02:54:32.265Z] <<< HTTP RESPONSE 200
[debug] [2020-02-16T02:54:32.277Z] <<< HTTP RESPONSE 200
[debug] [2020-02-16T02:54:32.280Z] <<< HTTP RESPONSE 200
[debug] [2020-02-16T02:54:34.209Z] >>> HTTP REQUEST GET https://cloudfunctions.googleapis.com/v1/operations/cG9wcGVyLXBsYXkvdXMtY2VudHJhbDEvYWxsY29tbWVudG5vdGlmaWNhdGlvbnMvclhsUEljOWlhVXc  
 
[debug] [2020-02-16T02:54:34.253Z] >>> HTTP REQUEST GET https://cloudfunctions.googleapis.com/v1/operations/cG9wcGVyLXBsYXkvdXMtY2VudHJhbDEvbm90aWZ5UGFyZW50T2ZDb21tZW50MS9UMHFLY2xfS1hYUQ  
 
[debug] [2020-02-16T02:54:34.255Z] >>> HTTP REQUEST GET https://cloudfunctions.googleapis.com/v1/operations/cG9wcGVyLXBsYXkvdXMtY2VudHJhbDEvbm90aWZ5UGFyZW50T2ZDb25qZWN0dXJlL2VfNElPRVV2WDVF  
 
[debug] [2020-02-16T02:54:34.256Z] >>> HTTP REQUEST GET https://cloudfunctions.googleapis.com/v1/operations/cG9wcGVyLXBsYXkvdXMtY2VudHJhbDEvbm90aWZ5UGFyZW50T2ZDb21tZW50L2M2VElHYU1FbC1V  
 
[debug] [2020-02-16T02:54:34.256Z] >>> HTTP REQUEST GET https://cloudfunctions.googleapis.com/v1/operations/cG9wcGVyLXBsYXkvdXMtY2VudHJhbDEvYWxsbm90aWZpY2F0aW9ucy9xal81aWktYjJiMA  
 
[debug] [2020-02-16T02:54:34.260Z] >>> HTTP REQUEST GET https://cloudfunctions.googleapis.com/v1/operations/cG9wcGVyLXBsYXkvdXMtY2VudHJhbDEvbm90aWZ5UGFyZW50T2ZQcm9ibGVtL1V3RW1wcElRZFow  
 
[debug] [2020-02-16T02:54:34.260Z] >>> HTTP REQUEST GET https://cloudfunctions.googleapis.com/v1/operations/cG9wcGVyLXBsYXkvdXMtY2VudHJhbDEvbm90aWZ5UGFyZW50T2ZDb21tZW50Ni9qcE1EUVh6Z2RQVQ  
 
[debug] [2020-02-16T02:54:34.260Z] >>> HTTP REQUEST GET https://cloudfunctions.googleapis.com/v1/operations/cG9wcGVyLXBsYXkvdXMtY2VudHJhbDEvbm90aWZ5UGFyZW50T2ZDb21tZW50My9VX29BUnVUeUtXVQ  
 
[debug] [2020-02-16T02:54:34.266Z] >>> HTTP REQUEST GET https://cloudfunctions.googleapis.com/v1/operations/cG9wcGVyLXBsYXkvdXMtY2VudHJhbDEvbm90aWZ5UGFyZW50T2ZDb21tZW50NS9VOWNoc293MGRLdw  
 
[debug] [2020-02-16T02:54:34.277Z] >>> HTTP REQUEST GET https://cloudfunctions.googleapis.com/v1/operations/cG9wcGVyLXBsYXkvdXMtY2VudHJhbDEvbm90aWZ5UGFyZW50T2ZDb21tZW50Mi9RMHNMbkFpMTFsMA  
 
[debug] [2020-02-16T02:54:34.281Z] >>> HTTP REQUEST GET https://cloudfunctions.googleapis.com/v1/operations/cG9wcGVyLXBsYXkvdXMtY2VudHJhbDEvbm90aWZ5UGFyZW50T2ZDb21tZW50NC8yMXo2WFc0eUYtTQ  
 
[debug] [2020-02-16T02:54:34.403Z] <<< HTTP RESPONSE 200
[debug] [2020-02-16T02:54:34.420Z] <<< HTTP RESPONSE 200
[debug] [2020-02-16T02:54:34.431Z] <<< HTTP RESPONSE 200
[debug] [2020-02-16T02:54:34.432Z] <<< HTTP RESPONSE 200
[debug] [2020-02-16T02:54:34.438Z] <<< HTTP RESPONSE 200
[debug] [2020-02-16T02:54:34.439Z] <<< HTTP RESPONSE 200
[debug] [2020-02-16T02:54:34.448Z] <<< HTTP RESPONSE 200
[debug] [2020-02-16T02:54:34.450Z] <<< HTTP RESPONSE 200
[debug] [2020-02-16T02:54:34.452Z] <<< HTTP RESPONSE 200
[debug] [2020-02-16T02:54:34.463Z] <<< HTTP RESPONSE 200
[debug] [2020-02-16T02:54:34.479Z] <<< HTTP RESPONSE 200
